<?xml version="1.0" encoding="UTF-8"?>
<!-- Generated by org.testng.reporters.JUnitReportReporter -->
<testsuite hostname="LAPTOP-80LKIM7F" failures="0" tests="1" name="testpkg.Rnctest" time="8.990" errors="0" timestamp="2025-02-26T15:28:55 IST" skipped="0">
  <testcase classname="testpkg.Rnctest" name="test" time="8.990"/>
  <system-out/>
</testsuite> <!-- testpkg.Rnctest -->
