<?xml version="1.0" encoding="UTF-8"?>
<!-- Generated by org.testng.reporters.JUnitReportReporter -->
<testsuite hostname="LAPTOP-80LKIM7F" failures="0" tests="3" name="testpkg.Hometest" time="20.354" errors="0" timestamp="2025-02-26T15:28:54 IST" skipped="0">
  <testcase classname="testpkg.Hometest" name="homeTest" time="10.832"/>
  <system-out/>
  <testcase classname="testpkg.Hometest" name="cartTest" time="2.575"/>
  <system-out/>
  <testcase classname="testpkg.Hometest" name="checkOutTest" time="6.947"/>
  <system-out/>
</testsuite> <!-- testpkg.Hometest -->
